<?xml version="1.0" encoding="utf-8"?><testsuites name="pytest tests"><testsuite name="pytest" errors="0" failures="1" skipped="0" tests="19" time="54.629" timestamp="2026-01-25T14:44:19.636204+00:00" hostname="agent-env-a7c190f6-86a4-407c-aff0-d993a5b95276"><testcase classname="tests.test_iteration12_email_integration.TestEmailConnection" name="test_email_connection_all_accounts" time="3.804" /><testcase classname="tests.test_iteration12_email_integration.TestEmailConnection" name="test_email_connection_precision_only" time="1.743" /><testcase classname="tests.test_iteration12_email_integration.TestEmailConnection" name="test_email_connection_power_only" time="2.079" /><testcase classname="tests.test_iteration12_email_integration.TestEmailAccounts" name="test_get_email_accounts" time="0.294" /><testcase classname="tests.test_iteration12_email_integration.TestEmailSync" name="test_sync_emails_for_process" time="4.977" /><testcase classname="tests.test_iteration12_email_integration.TestEmailSync" name="test_sync_emails_invalid_process" time="0.364" /><testcase classname="tests.test_iteration12_email_integration.TestEmailFilters" name="test_filter_all_emails" time="0.431" /><testcase classname="tests.test_iteration12_email_integration.TestEmailFilters" name="test_filter_sent_emails" time="0.454" /><testcase classname="tests.test_iteration12_email_integration.TestEmailFilters" name="test_filter_received_emails" time="0.411" /><testcase classname="tests.test_iteration12_email_integration.TestEmailFilters" name="test_email_stats" time="0.409" /><testcase classname="tests.test_iteration12_email_integration.TestManualEmailCreation" name="test_create_manual_sent_email" time="0.332" /><testcase classname="tests.test_iteration12_email_integration.TestManualEmailCreation" name="test_create_manual_received_email" time="0.345" /><testcase classname="tests.test_iteration12_email_integration.TestCalendarRegression" name="test_calendar_deadlines_endpoint" time="0.293" /><testcase classname="tests.test_iteration12_email_integration.TestCalendarRegression" name="test_calendar_with_user_filter" time="0.328" /><testcase classname="tests.test_iteration12_email_integration.TestCalendarRegression" name="test_admin_can_see_all_users" time="0.289" /><testcase classname="tests.test_iteration12_email_integration.TestTasksRegression" name="test_get_tasks" time="0.296" /><testcase classname="tests.test_iteration12_email_integration.TestTasksRegression" name="test_get_my_tasks" time="0.291" /><testcase classname="tests.test_iteration12_email_integration.TestTasksRegression" name="test_create_and_complete_task" time="0.376"><failure message="AssertionError: Create task failed: {&quot;detail&quot;:[{&quot;type&quot;:&quot;list_type&quot;,&quot;loc&quot;:[&quot;body&quot;,&quot;assigned_to&quot;],&quot;msg&quot;:&quot;Input should be a valid list&quot;,&quot;input&quot;:&quot;7f9ef33b-b1e8-4cec-a171-0f57075831cc&quot;,&quot;url&quot;:&quot;https://errors.pydantic.dev/2.12/v/list_type&quot;}]}&#10;assert 422 == 200&#10; +  where 422 = &lt;Response [422]&gt;.status_code">backend/tests/test_iteration12_email_integration.py:465: in test_create_and_complete_task
    assert create_response.status_code == 200, f"Create task failed: {create_response.text}"
E   AssertionError: Create task failed: {"detail":[{"type":"list_type","loc":["body","assigned_to"],"msg":"Input should be a valid list","input":"7f9ef33b-b1e8-4cec-a171-0f57075831cc","url":"https://errors.pydantic.dev/2.12/v/list_type"}]}
E   assert 422 == 200
E    +  where 422 = &lt;Response [422]&gt;.status_code</failure></testcase><testcase classname="tests.test_iteration12_email_integration.TestCleanup" name="test_cleanup_test_emails" time="37.009" /></testsuite></testsuites>