<?xml version="1.0" encoding="utf-8"?><testsuites name="pytest tests"><testsuite name="pytest" errors="0" failures="0" skipped="1" tests="12" time="8.451" timestamp="2026-01-22T16:25:47.317232+00:00" hostname="agent-env-1302a82a-a5da-4e47-851a-38d66b4ccece"><testcase classname="tests.test_iteration5.TestHealthAndAuth" name="test_health_check" time="0.080" /><testcase classname="tests.test_iteration5.TestHealthAndAuth" name="test_admin_login" time="0.261" /><testcase classname="tests.test_iteration5.TestHealthAndAuth" name="test_ceo_login" time="0.273" /><testcase classname="tests.test_iteration5.TestHealthAndAuth" name="test_diretor_login" time="0.259" /><testcase classname="tests.test_iteration5.TestHealthAndAuth" name="test_administrativo_login" time="0.266"><skipped type="pytest.skip" message="Administrativo user not found">/app/tests/test_iteration5.py:70: Administrativo user not found</skipped></testcase><testcase classname="tests.test_iteration5.TestNotificationsFiltering" name="test_admin_sees_all_notifications" time="0.307" /><testcase classname="tests.test_iteration5.TestNotificationsFiltering" name="test_ceo_sees_all_notifications" time="0.300" /><testcase classname="tests.test_iteration5.TestEventCreation" name="test_create_event_without_process" time="0.370" /><testcase classname="tests.test_iteration5.TestEventCreation" name="test_get_calendar_deadlines" time="0.300" /><testcase classname="tests.test_iteration5.TestPublicClientForm" name="test_public_registration_endpoint" time="5.309" /><testcase classname="tests.test_iteration5.TestUserRoles" name="test_get_users_list" time="0.333" /><testcase classname="tests.test_iteration5.TestProcessDetails" name="test_get_process_with_activities" time="0.344" /></testsuite></testsuites>