<?xml version="1.0" encoding="utf-8"?><testsuites name="pytest tests"><testsuite name="pytest" errors="0" failures="0" skipped="0" tests="16" time="4.367" timestamp="2026-01-20T21:42:47.347733+00:00" hostname="agent-env-68b50ffb-655e-46bd-86a7-87019264dc83"><testcase classname="tests.test_iteration3.TestHealthCheck" name="test_api_health" time="0.076" /><testcase classname="tests.test_iteration3.TestAuthentication" name="test_admin_login" time="0.259" /><testcase classname="tests.test_iteration3.TestAuthentication" name="test_consultor_login" time="0.261" /><testcase classname="tests.test_iteration3.TestAuthentication" name="test_mediador_login" time="0.285" /><testcase classname="tests.test_iteration3.TestAuthentication" name="test_invalid_login" time="0.035" /><testcase classname="tests.test_iteration3.TestWorkflowStatuses" name="test_workflow_statuses_exist" time="0.302" /><testcase classname="tests.test_iteration3.TestWorkflowStatuses" name="test_autorizacao_bancaria_removed" time="0.343" /><testcase classname="tests.test_iteration3.TestUserManagement" name="test_user_count_cleaned_up" time="0.333" /><testcase classname="tests.test_iteration3.TestUserManagement" name="test_required_users_exist" time="0.304" /><testcase classname="tests.test_iteration3.TestCalendarDeadlines" name="test_get_calendar_deadlines" time="0.294" /><testcase classname="tests.test_iteration3.TestCalendarDeadlines" name="test_create_deadline_with_assignments" time="0.422" /><testcase classname="tests.test_iteration3.TestCalendarDeadlines" name="test_calendar_filter_by_consultor" time="0.330" /><testcase classname="tests.test_iteration3.TestCalendarDeadlines" name="test_calendar_filter_by_mediador" time="0.337" /><testcase classname="tests.test_iteration3.TestPublicRegistration" name="test_public_registration" time="0.041" /><testcase classname="tests.test_iteration3.TestProcesses" name="test_get_processes" time="0.308" /><testcase classname="tests.test_iteration3.TestProcesses" name="test_get_stats" time="0.300" /></testsuite></testsuites>