<?xml version="1.0" encoding="utf-8"?><testsuites name="pytest tests"><testsuite name="pytest" errors="0" failures="0" skipped="0" tests="18" time="5.892" timestamp="2026-01-22T14:13:57.645817+00:00" hostname="agent-env-1302a82a-a5da-4e47-851a-38d66b4ccece"><testcase classname="tests.test_alerts_notifications.TestHealthCheck" name="test_api_health" time="0.085" /><testcase classname="tests.test_alerts_notifications.TestAuthentication" name="test_admin_login" time="0.268" /><testcase classname="tests.test_alerts_notifications.TestAuthentication" name="test_consultor_login" time="0.260" /><testcase classname="tests.test_alerts_notifications.TestAuthentication" name="test_intermediario_login" time="0.264" /><testcase classname="tests.test_alerts_notifications.TestNotificationsAPI" name="test_get_notifications_admin" time="0.378" /><testcase classname="tests.test_alerts_notifications.TestNotificationsAPI" name="test_get_notifications_consultor" time="0.307" /><testcase classname="tests.test_alerts_notifications.TestNotificationsAPI" name="test_get_unread_only_notifications" time="0.303" /><testcase classname="tests.test_alerts_notifications.TestProcessAlertsAPI" name="test_get_process_alerts" time="0.354" /><testcase classname="tests.test_alerts_notifications.TestProcessAlertsAPI" name="test_age_under_35_alert" time="0.355" /><testcase classname="tests.test_alerts_notifications.TestProcessAlertsAPI" name="test_pre_approval_countdown_alert" time="0.352" /><testcase classname="tests.test_alerts_notifications.TestProcessAlertsAPI" name="test_document_expiry_alert" time="0.365" /><testcase classname="tests.test_alerts_notifications.TestProcessAlertsAPI" name="test_process_not_found" time="0.295" /><testcase classname="tests.test_alerts_notifications.TestMarkNotificationRead" name="test_mark_notification_read" time="0.371" /><testcase classname="tests.test_alerts_notifications.TestMarkNotificationRead" name="test_mark_nonexistent_notification" time="0.293" /><testcase classname="tests.test_alerts_notifications.TestAlertsRoutes" name="test_alerts_process_endpoint" time="0.390" /><testcase classname="tests.test_alerts_notifications.TestAlertsRoutes" name="test_age_check_endpoint" time="0.344" /><testcase classname="tests.test_alerts_notifications.TestAlertsRoutes" name="test_pre_approval_endpoint" time="0.372" /><testcase classname="tests.test_alerts_notifications.TestAlertsRoutes" name="test_documents_endpoint" time="0.345" /></testsuite></testsuites>